<?xml version="1.0" encoding="UTF-8"?>
<!-- Generated by org.testng.reporters.JUnitReportReporter -->
<testsuite hostname="MAHESH-ADEPU" failures="0" tests="1" name="seleniumcompleteframework.Tests.PomStandaloneTest" time="30.152" errors="0" timestamp="2023-11-25T14:16:29 IST" skipped="0">
  <testcase classname="seleniumcompleteframework.Tests.PomStandaloneTest" name="submitorder" time="30.152"/>
  <system-out/>
</testsuite> <!-- seleniumcompleteframework.Tests.PomStandaloneTest -->
