<?xml version="1.0" encoding="UTF-8"?>
<!-- Generated by org.testng.reporters.JUnitReportReporter -->
<testsuite hostname="MAHESH-ADEPU" failures="0" tests="1" name="day3.PathandQueryParameters" time="6.373" errors="0" timestamp="2024-03-27T16:31:34 IST" skipped="0">
  <testcase classname="day3.PathandQueryParameters" name="pathParameters" time="6.373"/>
  <system-out/>
</testsuite> <!-- day3.PathandQueryParameters -->
