<?xml version="1.0" encoding="UTF-8"?>
<!-- Generated by org.testng.reporters.JUnitReportReporter -->
<testsuite hostname="MAHESH-ADEPU" failures="0" tests="1" name="day3.CookiesDemo" time="3.765" errors="0" timestamp="2024-03-27T16:47:11 IST" skipped="0">
  <testcase classname="day3.CookiesDemo" name="getCookiesinfo" time="3.765"/>
  <system-out/>
</testsuite> <!-- day3.CookiesDemo -->
