<?xml version="1.0" encoding="UTF-8"?>
<!-- Generated by org.testng.reporters.JUnitReportReporter -->
<testsuite hostname="MAHESH-ADEPU" failures="0" tests="1" name="day3.HeaderDemo" time="3.508" errors="0" timestamp="2024-03-27T16:58:50 IST" skipped="0">
  <testcase classname="day3.HeaderDemo" name="getHeaders" time="3.508"/>
  <system-out/>
</testsuite> <!-- day3.HeaderDemo -->
