<?xml version="1.0" encoding="UTF-8"?>
<!-- Generated by org.testng.reporters.JUnitReportReporter -->
<testsuite hostname="MAHESH-ADEPU" failures="0" tests="4" name="day1.HTTPRequest" time="7.797" errors="0" timestamp="2024-03-26T14:54:51 IST" skipped="0">
  <testcase classname="day1.HTTPRequest" name="getUsers" time="4.982"/>
  <system-out/>
  <testcase classname="day1.HTTPRequest" name="createUser" time="1.221"/>
  <system-out/>
  <testcase classname="day1.HTTPRequest" name="updateUser" time="0.782"/>
  <system-out/>
  <testcase classname="day1.HTTPRequest" name="deleteUser" time="0.812"/>
  <system-out/>
</testsuite> <!-- day1.HTTPRequest -->
