<?xml version="1.0" encoding="UTF-8"?>
<!-- Generated by org.testng.reporters.JUnitReportReporter -->
<testsuite hostname="MAHESH-ADEPU" failures="0" tests="1" name="day3.LoggingDemo" time="4.384" errors="0" timestamp="2024-03-27T17:03:59 IST" skipped="0">
  <testcase classname="day3.LoggingDemo" name="testlogs" time="4.384"/>
  <system-out/>
</testsuite> <!-- day3.LoggingDemo -->
