<?xml version="1.0" encoding="UTF-8"?>
<!-- Generated by org.testng.reporters.JUnitReportReporter -->
<testsuite hostname="MAHESH-ADEPU" failures="0" tests="1" name="day4.ParsingJsonResponse" time="3.206" errors="0" timestamp="2024-03-30T15:09:17 IST" skipped="0">
  <testcase classname="day4.ParsingJsonResponse" name="testJsonResponse" time="3.206"/>
  <system-out/>
</testsuite> <!-- day4.ParsingJsonResponse -->
