<?xml version="1.0" encoding="UTF-8"?>
<!-- Generated by org.testng.reporters.JUnitReportReporter -->
<testsuite hostname="MAHESH-ADEPU" failures="0" tests="4" name="day2.WaysToCreatePostrequest" time="6.899" errors="0" timestamp="2024-03-27T16:30:44 IST" skipped="0">
  <testcase classname="day2.WaysToCreatePostrequest" name="testPostusingHashMap" time="6.170"/>
  <system-out/>
  <testcase classname="day2.WaysToCreatePostrequest" name="testPostusingJSONLibrary" time="0.193"/>
  <system-out/>
  <testcase classname="day2.WaysToCreatePostrequest" name="testPostusingPOJOClass" time="0.323"/>
  <system-out/>
  <testcase classname="day2.WaysToCreatePostrequest" name="testPostusingxtrnlJson" time="0.213"/>
  <system-out/>
</testsuite> <!-- day2.WaysToCreatePostrequest -->
